<?xml version="1.0" encoding="UTF-8"?>
<!-- Generated by org.testng.reporters.JUnitReportReporter -->
<testsuite skipped="0" hostname="DESKTOP-42HF2H5" name="com.qa.test.GetAPITest" tests="1" failures="0" timestamp="08 Jan 2019 19:21:15 GMT" time="2.050" errors="0">
  <testcase name="getAPITest" time="2.050" classname="com.qa.test.GetAPITest"/>
</testsuite> <!-- com.qa.test.GetAPITest -->
